2018-10-07 10:04:11,709---->crawl_url - INFO - 启动线程池!!!
2018-10-07 10:04:14,712---->crawl_url - INFO - 影视资源列表第0页：
2018-10-07 10:04:17,001---->crawl_url - ERROR - 没有获取到列表中的地址信息，直接返回！
2018-10-07 10:04:17,719---->crawl_url - INFO - http://www.chunxiao.tv/explore/dianying/p-0
2018-10-07 10:04:20,721---->crawl_url - INFO - 影视资源列表第1页：
2018-10-07 10:04:22,986---->crawl_url - INFO - 1
2018-10-07 10:04:22,987---->crawl_url - INFO - http://www.chunxiao.tv
2018-10-07 10:04:22,987---->crawl_url - INFO - 详情页地址：http://www.chunxiao.tv/album/chumendeshijie
2018-10-07 10:04:23,553---->crawl_url - INFO - ------
2018-10-07 10:04:23,557---->crawl_url - INFO - (['/download/chumendeshijie/85D14DC68B64494191F6144FC996BEE6/1', '/download/chumendeshijie/D1C7A1D89A7B40FA8AB27F058BEE913F/1', '/download/chumendeshijie/857BDB92A1994CD1A8658B91080E4246/1', '/play/chumendeshijie/C4D02233D5914560A36CAE5CC5D8308E', '/play/chumendeshijie/738E5AF9FDEA48E8BD63D3CA86BDB6FB', '/play/chumendeshijie/1FAE5E7CF5A34C789C8122DC5E8C85F4', '/play/chumendeshijie/0CF19DBD5EA24E49A0970EA679E0EA9B'], ['/download/chumendeshijie/85D14DC68B64494191F6144FC996BEE6/1', '/download/chumendeshijie/D1C7A1D89A7B40FA8AB27F058BEE913F/1', '/watch/chumendeshijie/E2F5F7AA7509446EBB25DBE8050C2C08', '/watch/chumendeshijie/8F87B7DC2FE14CDFB7B1F706FACD103B', '/watch/chumendeshijie/4DEC59038F4E47CAA869CA5C5FB3D7A0', '/play/chumendeshijie/C4D02233D5914560A36CAE5CC5D8308E', '/play/chumendeshijie/50C98655EA0641E1AE32E5457EE5992A'])
2018-10-07 10:04:23,557---->crawl_url - INFO - 下载页面的url：['/download/chumendeshijie/85D14DC68B64494191F6144FC996BEE6/1', '/download/chumendeshijie/D1C7A1D89A7B40FA8AB27F058BEE913F/1', '/download/chumendeshijie/857BDB92A1994CD1A8658B91080E4246/1', '/play/chumendeshijie/C4D02233D5914560A36CAE5CC5D8308E', '/play/chumendeshijie/738E5AF9FDEA48E8BD63D3CA86BDB6FB', '/play/chumendeshijie/1FAE5E7CF5A34C789C8122DC5E8C85F4', '/play/chumendeshijie/0CF19DBD5EA24E49A0970EA679E0EA9B']
2018-10-07 10:04:23,558---->crawl_url - INFO - 当下载地址不存在时使用在线地址：['/download/chumendeshijie/85D14DC68B64494191F6144FC996BEE6/1', '/download/chumendeshijie/D1C7A1D89A7B40FA8AB27F058BEE913F/1', '/watch/chumendeshijie/E2F5F7AA7509446EBB25DBE8050C2C08', '/watch/chumendeshijie/8F87B7DC2FE14CDFB7B1F706FACD103B', '/watch/chumendeshijie/4DEC59038F4E47CAA869CA5C5FB3D7A0', '/play/chumendeshijie/C4D02233D5914560A36CAE5CC5D8308E', '/play/chumendeshijie/50C98655EA0641E1AE32E5457EE5992A']
2018-10-07 10:04:23,729---->crawl_url - INFO - http://www.chunxiao.tv/explore/dianying/p-1
2018-10-07 10:04:25,565---->crawl_url - INFO - get_downurl:http://www.chunxiao.tv/download/chumendeshijie/85D14DC68B64494191F6144FC996BEE6/1
2018-10-07 10:06:09,831---->crawl_url - INFO - 启动线程池!!!
2018-10-07 10:06:12,834---->crawl_url - INFO - 影视资源列表第0页：
2018-10-07 10:06:15,412---->crawl_url - ERROR - 没有获取到列表中的地址信息，直接返回！
2018-10-07 10:06:15,836---->crawl_url - INFO - http://www.chunxiao.tv/explore/dianying/p-0
2018-10-07 10:06:18,842---->crawl_url - INFO - 影视资源列表第1页：
2018-10-07 10:06:21,851---->crawl_url - INFO - http://www.chunxiao.tv/explore/dianying/p-1
2018-10-07 10:06:23,367---->crawl_url - INFO - 1
2018-10-07 10:06:23,367---->crawl_url - INFO - http://www.chunxiao.tv
2018-10-07 10:06:23,368---->crawl_url - INFO - 详情页地址：http://www.chunxiao.tv/album/chumendeshijie
2018-10-07 10:06:29,589---->crawl_url - INFO - ------
2018-10-07 10:06:29,594---->crawl_url - INFO - {'url': ['/download/chumendeshijie/85D14DC68B64494191F6144FC996BEE6/1', '/download/chumendeshijie/D1C7A1D89A7B40FA8AB27F058BEE913F/1', '/download/chumendeshijie/857BDB92A1994CD1A8658B91080E4246/1', '/play/chumendeshijie/C4D02233D5914560A36CAE5CC5D8308E', '/play/chumendeshijie/738E5AF9FDEA48E8BD63D3CA86BDB6FB', '/play/chumendeshijie/1FAE5E7CF5A34C789C8122DC5E8C85F4', '/play/chumendeshijie/0CF19DBD5EA24E49A0970EA679E0EA9B'], 'lineurl': ['/download/chumendeshijie/85D14DC68B64494191F6144FC996BEE6/1', '/download/chumendeshijie/D1C7A1D89A7B40FA8AB27F058BEE913F/1', '/watch/chumendeshijie/E2F5F7AA7509446EBB25DBE8050C2C08', '/watch/chumendeshijie/8F87B7DC2FE14CDFB7B1F706FACD103B', '/watch/chumendeshijie/4DEC59038F4E47CAA869CA5C5FB3D7A0', '/play/chumendeshijie/C4D02233D5914560A36CAE5CC5D8308E', '/play/chumendeshijie/50C98655EA0641E1AE32E5457EE5992A']}
2018-10-07 10:06:29,598---->crawl_url - INFO - 下载页面的url：['/download/chumendeshijie/85D14DC68B64494191F6144FC996BEE6/1', '/download/chumendeshijie/D1C7A1D89A7B40FA8AB27F058BEE913F/1', '/download/chumendeshijie/857BDB92A1994CD1A8658B91080E4246/1', '/play/chumendeshijie/C4D02233D5914560A36CAE5CC5D8308E', '/play/chumendeshijie/738E5AF9FDEA48E8BD63D3CA86BDB6FB', '/play/chumendeshijie/1FAE5E7CF5A34C789C8122DC5E8C85F4', '/play/chumendeshijie/0CF19DBD5EA24E49A0970EA679E0EA9B']
2018-10-07 10:06:29,600---->crawl_url - INFO - 当下载地址不存在时使用在线地址：['/download/chumendeshijie/85D14DC68B64494191F6144FC996BEE6/1', '/download/chumendeshijie/D1C7A1D89A7B40FA8AB27F058BEE913F/1', '/watch/chumendeshijie/E2F5F7AA7509446EBB25DBE8050C2C08', '/watch/chumendeshijie/8F87B7DC2FE14CDFB7B1F706FACD103B', '/watch/chumendeshijie/4DEC59038F4E47CAA869CA5C5FB3D7A0', '/play/chumendeshijie/C4D02233D5914560A36CAE5CC5D8308E', '/play/chumendeshijie/50C98655EA0641E1AE32E5457EE5992A']
2018-10-07 10:06:31,603---->crawl_url - INFO - get_downurl:http://www.chunxiao.tv/download/chumendeshijie/85D14DC68B64494191F6144FC996BEE6/1
2018-10-07 10:06:32,206---->crawl_url - INFO - 获取目标资源名:['楚门的世界']
2018-10-07 10:06:32,206---->crawl_url - INFO - 获取目标资源评分:['9.2']
2018-10-07 10:06:32,207---->crawl_url - INFO - 获取目标资源描述:['楚门（金•凯瑞 Jim Carrey 饰）是一个平凡得不能再平凡的人，除了一些有些稀奇的经历之外——初恋女友突然失踪、溺水身亡的父亲忽然似乎又出现在眼前，他和绝大多数30多岁的美国男人绝无异样。这令他倍感失落。他也曾试过离开自己生活了多年的地方，但总因种种理由而不能成行。直到有一天，他忽然发觉自己似乎一直在被人跟踪，无论他走到哪里，干什么事情。这种感觉愈来愈强烈。楚门决定不惜一切代价逃离这个他生活了30多年的地方，去寻找他的初恋女友。但他却发现自己怎样也逃不出去。真相其实很残忍。']
2018-10-07 10:06:32,207---->crawl_url - INFO - 获取目标资源地址:['thunder://QUF0aHVuZGVyOi8vUVVGb2RIUndPaTh2TVRndVpHd3VlVGd3Y3k1dVpYUTZPVEl3THpFeU1EVXY1cVdhNlplbzU1cUU1TGlXNTVXTUwrYWxtdW1YcU9lYWhPUzRsdWVWakY5b1pDNXRjRFJhV2c9PVpa']
2018-10-07 10:06:32,208---->crawl_url - INFO - 2
2018-10-07 10:06:32,208---->crawl_url - INFO - http://www.chunxiao.tv
2018-10-07 10:06:32,208---->crawl_url - INFO - 详情页地址：http://www.chunxiao.tv/album/taitan
2018-10-07 10:06:32,547---->crawl_url - INFO - ------
2018-10-07 10:06:32,550---->crawl_url - INFO - {'url': ['/download/taitan/A982BF49505149348E2718F8E4D475B8/1', '/download/taitan/4D209F82978B42848050F1C6289C87B3/1', '/download/taitan/AB04A6E789C54D9085C95F181EF9CF0D/1', '/download/taitan/A3DF044AFB834FA0A69A51279FE3201C/1'], 'lineurl': ['/download/taitan/A982BF49505149348E2718F8E4D475B8/1', '/download/taitan/AB04A6E789C54D9085C95F181EF9CF0D/1', '/watch/taitan/691E41B6C4B949A3889997CD8627D922']}
2018-10-07 10:06:32,552---->crawl_url - INFO - 下载页面的url：['/download/taitan/A982BF49505149348E2718F8E4D475B8/1', '/download/taitan/4D209F82978B42848050F1C6289C87B3/1', '/download/taitan/AB04A6E789C54D9085C95F181EF9CF0D/1', '/download/taitan/A3DF044AFB834FA0A69A51279FE3201C/1']
2018-10-07 10:06:32,554---->crawl_url - INFO - 当下载地址不存在时使用在线地址：['/download/taitan/A982BF49505149348E2718F8E4D475B8/1', '/download/taitan/AB04A6E789C54D9085C95F181EF9CF0D/1', '/watch/taitan/691E41B6C4B949A3889997CD8627D922']
2018-10-07 10:06:34,561---->crawl_url - INFO - get_downurl:http://www.chunxiao.tv/download/taitan/A982BF49505149348E2718F8E4D475B8/1
2018-10-07 10:06:34,562---->crawl_url - INFO - 获取目标资源评分:['4.2'],评分太低，不执行保存！！
2018-10-07 10:06:34,562---->crawl_url - INFO - 3
2018-10-07 10:06:34,562---->crawl_url - INFO - http://www.chunxiao.tv
2018-10-07 10:06:34,563---->crawl_url - INFO - 详情页地址：http://www.chunxiao.tv/album/beiyiwangdejijie
2018-10-07 10:18:41,114---->crawl_url - INFO - 启动线程池!!!
2018-10-07 10:18:44,120---->crawl_url - INFO - 影视资源列表第0页：
2018-10-07 10:18:46,386---->crawl_url - ERROR - 没有获取到列表中的地址信息，直接返回！
2018-10-07 10:18:47,125---->crawl_url - INFO - http://www.chunxiao.tv/explore/dianying/p-0
2018-10-07 10:18:50,127---->crawl_url - INFO - 影视资源列表第1页：
2018-10-07 10:18:52,816---->crawl_url - INFO - 1
2018-10-07 10:18:52,817---->crawl_url - INFO - http://www.chunxiao.tv
2018-10-07 10:18:52,817---->crawl_url - INFO - 详情页地址：http://www.chunxiao.tv/album/chumendeshijie
2018-10-07 10:18:53,135---->crawl_url - INFO - http://www.chunxiao.tv/explore/dianying/p-1
2018-10-07 10:18:53,475---->crawl_url - INFO - 下载页面的url：['/download/chumendeshijie/85D14DC68B64494191F6144FC996BEE6/1', '/download/chumendeshijie/D1C7A1D89A7B40FA8AB27F058BEE913F/1', '/download/chumendeshijie/857BDB92A1994CD1A8658B91080E4246/1', '/play/chumendeshijie/C4D02233D5914560A36CAE5CC5D8308E', '/play/chumendeshijie/738E5AF9FDEA48E8BD63D3CA86BDB6FB', '/play/chumendeshijie/1FAE5E7CF5A34C789C8122DC5E8C85F4', '/play/chumendeshijie/0CF19DBD5EA24E49A0970EA679E0EA9B']
2018-10-07 10:18:53,477---->crawl_url - INFO - 当下载地址不存在时使用在线地址：['/download/chumendeshijie/85D14DC68B64494191F6144FC996BEE6/1', '/download/chumendeshijie/D1C7A1D89A7B40FA8AB27F058BEE913F/1', '/watch/chumendeshijie/E2F5F7AA7509446EBB25DBE8050C2C08', '/watch/chumendeshijie/8F87B7DC2FE14CDFB7B1F706FACD103B', '/watch/chumendeshijie/4DEC59038F4E47CAA869CA5C5FB3D7A0', '/play/chumendeshijie/C4D02233D5914560A36CAE5CC5D8308E', '/play/chumendeshijie/50C98655EA0641E1AE32E5457EE5992A']
2018-10-07 10:18:55,484---->crawl_url - INFO - 下载页目标地址：http://www.chunxiao.tv/download/chumendeshijie/85D14DC68B64494191F6144FC996BEE6/1
2018-10-07 10:19:00,495---->crawl_url - INFO - 获取目标资源名:['楚门的世界']
2018-10-07 10:19:00,496---->crawl_url - INFO - 获取目标资源评分:['9.2']
2018-10-07 10:19:00,496---->crawl_url - INFO - 获取目标资源描述:['楚门（金•凯瑞 Jim Carrey 饰）是一个平凡得不能再平凡的人，除了一些有些稀奇的经历之外——初恋女友突然失踪、溺水身亡的父亲忽然似乎又出现在眼前，他和绝大多数30多岁的美国男人绝无异样。这令他倍感失落。他也曾试过离开自己生活了多年的地方，但总因种种理由而不能成行。直到有一天，他忽然发觉自己似乎一直在被人跟踪，无论他走到哪里，干什么事情。这种感觉愈来愈强烈。楚门决定不惜一切代价逃离这个他生活了30多年的地方，去寻找他的初恋女友。但他却发现自己怎样也逃不出去。真相其实很残忍。']
2018-10-07 10:19:00,496---->crawl_url - INFO - 获取目标资源地址:['thunder://QUF0aHVuZGVyOi8vUVVGb2RIUndPaTh2TVRndVpHd3VlVGd3Y3k1dVpYUTZPVEl3THpFeU1EVXY1cVdhNlplbzU1cUU1TGlXNTVXTUwrYWxtdW1YcU9lYWhPUzRsdWVWakY5b1pDNXRjRFJhV2c9PVpa']
2018-10-07 10:19:00,497---->crawl_url - INFO - 2
2018-10-07 10:19:00,497---->crawl_url - INFO - http://www.chunxiao.tv
2018-10-07 10:19:00,497---->crawl_url - INFO - 详情页地址：http://www.chunxiao.tv/album/taitan
2018-10-07 10:19:00,744---->crawl_url - INFO - 下载页面的url：['/download/taitan/A982BF49505149348E2718F8E4D475B8/1', '/download/taitan/4D209F82978B42848050F1C6289C87B3/1', '/download/taitan/AB04A6E789C54D9085C95F181EF9CF0D/1', '/download/taitan/A3DF044AFB834FA0A69A51279FE3201C/1']
2018-10-07 10:19:00,746---->crawl_url - INFO - 当下载地址不存在时使用在线地址：['/download/taitan/A982BF49505149348E2718F8E4D475B8/1', '/download/taitan/AB04A6E789C54D9085C95F181EF9CF0D/1', '/watch/taitan/691E41B6C4B949A3889997CD8627D922']
2018-10-07 10:19:02,753---->crawl_url - INFO - 下载页目标地址：http://www.chunxiao.tv/download/taitan/A982BF49505149348E2718F8E4D475B8/1
2018-10-07 10:19:02,753---->crawl_url - INFO - 获取目标资源评分:['4.2'],评分太低，不执行保存！！
2018-10-07 10:19:02,753---->crawl_url - INFO - 3
2018-10-07 10:19:02,753---->crawl_url - INFO - http://www.chunxiao.tv
2018-10-07 10:19:02,754---->crawl_url - INFO - 详情页地址：http://www.chunxiao.tv/album/beiyiwangdejijie
2018-10-07 10:19:03,124---->crawl_url - INFO - 下载页面的url：[]
2018-10-07 10:19:03,126---->crawl_url - INFO - 当下载地址不存在时使用在线地址：['/watch/beiyiwangdejijie/3E7EE41B9DF145A78231AFB5D1C1F048']
2018-10-07 10:19:05,131---->crawl_url - INFO - 在线地址：http://www.chunxiao.tv/watch/beiyiwangdejijie/3E7EE41B9DF145A78231AFB5D1C1F048
2018-10-07 10:19:05,131---->crawl_url - INFO - 获取目标资源评分:['5.2'],评分太低，不执行保存！！
2018-10-07 10:19:05,132---->crawl_url - INFO - 4
2018-10-07 10:19:05,132---->crawl_url - INFO - http://www.chunxiao.tv
2018-10-07 10:19:05,132---->crawl_url - INFO - 详情页地址：http://www.chunxiao.tv/album/dongrinuanyang
2018-10-07 10:19:07,032---->crawl_url - INFO - 下载页面的url：['/download/dongrinuanyang/CFE59FF84A8340CAB6B245AE7A95342B/1']
2018-10-07 10:19:07,034---->crawl_url - INFO - 当下载地址不存在时使用在线地址：['/download/dongrinuanyang/CFE59FF84A8340CAB6B245AE7A95342B/1', '/watch/dongrinuanyang/DDB2B2261BAD4D61BC9BB12064FD148F']
2018-10-07 10:19:09,040---->crawl_url - INFO - 下载页目标地址：http://www.chunxiao.tv/download/dongrinuanyang/CFE59FF84A8340CAB6B245AE7A95342B/1
2018-10-07 10:19:09,041---->crawl_url - INFO - 获取目标资源评分:['3.0'],评分太低，不执行保存！！
2018-10-07 10:19:09,041---->crawl_url - INFO - 5
2018-10-07 10:19:09,041---->crawl_url - INFO - http://www.chunxiao.tv
2018-10-07 10:19:09,041---->crawl_url - INFO - 详情页地址：http://www.chunxiao.tv/album/qinvzizhirenzaijianghu
2018-10-07 10:19:09,746---->crawl_url - INFO - 下载页面的url：['/download/qinvzizhirenzaijianghu/DA839F55B69144E5ACA505A929322453/1']
2018-10-07 10:19:09,748---->crawl_url - INFO - 当下载地址不存在时使用在线地址：['/download/qinvzizhirenzaijianghu/DA839F55B69144E5ACA505A929322453/1', '/watch/qinvzizhirenzaijianghu/98C39C2840AB4543BF2398C89996335D']
2018-10-07 10:19:11,753---->crawl_url - INFO - 下载页目标地址：http://www.chunxiao.tv/download/qinvzizhirenzaijianghu/DA839F55B69144E5ACA505A929322453/1
2018-10-07 10:19:11,753---->crawl_url - INFO - 获取目标资源评分:['3.0'],评分太低，不执行保存！！
2018-10-07 10:19:11,754---->crawl_url - INFO - 6
2018-10-07 10:19:11,754---->crawl_url - INFO - http://www.chunxiao.tv
2018-10-07 10:19:11,754---->crawl_url - INFO - 详情页地址：http://www.chunxiao.tv/album/danzhishentong
2018-10-07 10:19:12,001---->crawl_url - INFO - 下载页面的url：[]
2018-10-07 10:19:12,003---->crawl_url - INFO - 当下载地址不存在时使用在线地址：['/watch/danzhishentong/794747B6E6FA4E09A300042349B72C09']
2018-10-07 10:19:14,011---->crawl_url - INFO - 在线地址：http://www.chunxiao.tv/watch/danzhishentong/794747B6E6FA4E09A300042349B72C09
2018-10-07 10:19:14,012---->crawl_url - INFO - 获取目标资源评分:['3.1'],评分太低，不执行保存！！
2018-10-07 10:19:14,012---->crawl_url - INFO - 7
2018-10-07 10:19:14,012---->crawl_url - INFO - http://www.chunxiao.tv
2018-10-07 10:19:14,012---->crawl_url - INFO - 详情页地址：http://www.chunxiao.tv/album/elingzhijia
2018-10-07 10:19:15,681---->crawl_url - INFO - 下载页面的url：['/download/elingzhijia/ACD3AB4AB59D4BD8828BDAD25A40EE20/1']
2018-10-07 10:19:15,683---->crawl_url - INFO - 当下载地址不存在时使用在线地址：['/download/elingzhijia/ACD3AB4AB59D4BD8828BDAD25A40EE20/1']
2018-10-07 10:19:17,688---->crawl_url - INFO - 下载页目标地址：http://www.chunxiao.tv/download/elingzhijia/ACD3AB4AB59D4BD8828BDAD25A40EE20/1
2018-10-07 10:19:17,688---->crawl_url - INFO - 获取目标资源评分:['4.2'],评分太低，不执行保存！！
2018-10-07 10:19:17,688---->crawl_url - INFO - 8
2018-10-07 10:19:17,688---->crawl_url - INFO - http://www.chunxiao.tv
2018-10-07 10:19:17,689---->crawl_url - INFO - 详情页地址：http://www.chunxiao.tv/album/gegelaoshi
2018-10-07 10:19:17,943---->crawl_url - INFO - 下载页面的url：['/download/gegelaoshi/5B550383FA61409FBDACB9E4CF4D07F6/1']
2018-10-07 10:19:17,944---->crawl_url - INFO - 当下载地址不存在时使用在线地址：['/download/gegelaoshi/5B550383FA61409FBDACB9E4CF4D07F6/1', '/watch/gegelaoshi/781E6C92EB424A66B6F5F0388506429C']
2018-10-07 10:19:19,947---->crawl_url - INFO - 下载页目标地址：http://www.chunxiao.tv/download/gegelaoshi/5B550383FA61409FBDACB9E4CF4D07F6/1
2018-10-07 10:19:20,154---->crawl_url - INFO - 获取目标资源名:['嗝嗝老师']
2018-10-07 10:19:20,154---->crawl_url - INFO - 获取目标资源评分:['7.6']
2018-10-07 10:19:20,154---->crawl_url - INFO - 获取目标资源描述:['《嗝嗝老师》（Hichki）讲述患有抽动秽语综合征的女主人公奈娜。经过无数次面试失败后，终于找到理想的工作，成为了一名中学老师。然而她被指派的班级学生却是全校最顽皮的学生。']
2018-10-07 10:19:20,154---->crawl_url - INFO - 获取目标资源地址:['thunder://QUF0aHVuZGVyOi8vUVVGb2RIUndPaTh2ZG1sd0xucDFhV3QxT0M1amIyMHZNVGd4TUMvbGw1M2xsNTNvZ0lIbHVJZ3VRa1F4TWpndzZhdVk1cmlGNUxpdDVhMlg1NG1JTG0xd05GcGFaWg==']
2018-10-07 10:19:20,157---->crawl_url - INFO - 9
2018-10-07 10:19:20,157---->crawl_url - INFO - http://www.chunxiao.tv
2018-10-07 10:19:20,158---->crawl_url - INFO - 详情页地址：http://www.chunxiao.tv/album/xiunv
2018-10-07 10:19:20,405---->crawl_url - INFO - 下载页面的url：['/download/xiunv/67BFFFCF482E421F97CB7656B79CD806/1']
2018-10-07 10:19:20,407---->crawl_url - INFO - 当下载地址不存在时使用在线地址：['/download/xiunv/67BFFFCF482E421F97CB7656B79CD806/1', '/watch/xiunv/F46AD9F712BD4BFCBBFB631F983694AF']
2018-10-07 10:19:22,413---->crawl_url - INFO - 下载页目标地址：http://www.chunxiao.tv/download/xiunv/67BFFFCF482E421F97CB7656B79CD806/1
2018-10-07 10:19:29,583---->crawl_url - INFO - 获取目标资源名:['修女']
2018-10-07 10:19:29,584---->crawl_url - INFO - 获取目标资源评分:['6.2']
2018-10-07 10:19:29,585---->crawl_url - INFO - 获取目标资源描述:['一个年轻修女在罗马尼亚与世隔绝的修道院自杀，梵蒂冈派去一名神父和一名快结束见习期的修女展开调查，而神父有令人毛骨悚然的过去。他们一起揭开了教会邪恶的秘密，不仅冒着生命危险，还拿信仰和灵魂当赌注，面临着一股恶毒的力量，恶魔修女再次成为强大的威胁。']
2018-10-07 10:19:29,586---->crawl_url - INFO - 获取目标资源地址:['thunder://QUF0aHVuZGVyOi8vUVVGb2RIUndPaTh2ZG1sd0xucDFhV3QxT0M1amIyMHZNVGd4TUMva3Y2N2xwYk15TURFNExsUno1TGl0NWEyWDU0bUlMbTF3TkZwYVpa']
2018-10-07 10:19:29,600---->crawl_url - INFO - 10
2018-10-07 10:19:29,600---->crawl_url - INFO - http://www.chunxiao.tv
2018-10-07 10:19:29,600---->crawl_url - INFO - 详情页地址：http://www.chunxiao.tv/album/jiepoushilingyishijianzhinanshengxiushe
2018-10-07 10:19:29,852---->crawl_url - INFO - 下载页面的url：['/download/jiepoushilingyishijianzhinanshengxiushe/E81A0577F9FE4EC4B17326606CDD4AFE/1']
2018-10-07 10:19:29,858---->crawl_url - INFO - 当下载地址不存在时使用在线地址：['/download/jiepoushilingyishijianzhinanshengxiushe/E81A0577F9FE4EC4B17326606CDD4AFE/1', '/watch/jiepoushilingyishijianzhinanshengxiushe/144F6A51FE864CD0BE805232039FC368', '/watch/jiepoushilingyishijianzhinanshengxiushe/F063C32A96444585BDF961D72E838776', '/watch/jiepoushilingyishijianzhinanshengxiushe/31B925DE23664A4EBC4D954B2152F236']
2018-10-07 10:21:40,223---->crawl_url - INFO - 启动线程池!!!
2018-10-07 10:21:43,228---->crawl_url - INFO - 影视资源列表第0页：
2018-10-07 10:21:45,486---->crawl_url - ERROR - 没有获取到列表中的地址信息，直接返回！
2018-10-07 10:21:46,232---->crawl_url - INFO - http://www.chunxiao.tv/explore/dianying/p-0
2018-10-07 10:21:49,236---->crawl_url - INFO - 影视资源列表第1页：
2018-10-07 10:21:52,241---->crawl_url - INFO - http://www.chunxiao.tv/explore/dianying/p-1
2018-10-07 10:21:54,120---->crawl_url - INFO - 1
2018-10-07 10:21:54,120---->crawl_url - INFO - http://www.chunxiao.tv
2018-10-07 10:21:54,120---->crawl_url - INFO - 详情页地址：http://www.chunxiao.tv/album/chumendeshijie
2018-10-07 10:21:54,448---->crawl_url - INFO - 下载页面的url：['/download/chumendeshijie/85D14DC68B64494191F6144FC996BEE6/1', '/download/chumendeshijie/D1C7A1D89A7B40FA8AB27F058BEE913F/1', '/download/chumendeshijie/857BDB92A1994CD1A8658B91080E4246/1', '/play/chumendeshijie/C4D02233D5914560A36CAE5CC5D8308E', '/play/chumendeshijie/738E5AF9FDEA48E8BD63D3CA86BDB6FB', '/play/chumendeshijie/1FAE5E7CF5A34C789C8122DC5E8C85F4', '/play/chumendeshijie/0CF19DBD5EA24E49A0970EA679E0EA9B']
2018-10-07 10:21:54,450---->crawl_url - INFO - 当下载地址不存在时使用在线地址：['/download/chumendeshijie/85D14DC68B64494191F6144FC996BEE6/1', '/download/chumendeshijie/D1C7A1D89A7B40FA8AB27F058BEE913F/1', '/watch/chumendeshijie/E2F5F7AA7509446EBB25DBE8050C2C08', '/watch/chumendeshijie/8F87B7DC2FE14CDFB7B1F706FACD103B', '/watch/chumendeshijie/4DEC59038F4E47CAA869CA5C5FB3D7A0', '/play/chumendeshijie/C4D02233D5914560A36CAE5CC5D8308E', '/play/chumendeshijie/50C98655EA0641E1AE32E5457EE5992A']
2018-10-07 10:21:56,456---->crawl_url - INFO - 下载页目标地址：http://www.chunxiao.tv/download/chumendeshijie/85D14DC68B64494191F6144FC996BEE6/1
2018-10-07 10:21:56,735---->crawl_url - INFO - 获取目标资源名:['楚门的世界']
2018-10-07 10:21:56,736---->crawl_url - INFO - 获取目标资源评分:['9.2']
2018-10-07 10:21:56,736---->crawl_url - INFO - 获取目标资源描述:['楚门（金•凯瑞 Jim Carrey 饰）是一个平凡得不能再平凡的人，除了一些有些稀奇的经历之外——初恋女友突然失踪、溺水身亡的父亲忽然似乎又出现在眼前，他和绝大多数30多岁的美国男人绝无异样。这令他倍感失落。他也曾试过离开自己生活了多年的地方，但总因种种理由而不能成行。直到有一天，他忽然发觉自己似乎一直在被人跟踪，无论他走到哪里，干什么事情。这种感觉愈来愈强烈。楚门决定不惜一切代价逃离这个他生活了30多年的地方，去寻找他的初恋女友。但他却发现自己怎样也逃不出去。真相其实很残忍。']
2018-10-07 10:21:56,736---->crawl_url - INFO - 获取目标资源地址:['thunder://QUF0aHVuZGVyOi8vUVVGb2RIUndPaTh2TVRndVpHd3VlVGd3Y3k1dVpYUTZPVEl3THpFeU1EVXY1cVdhNlplbzU1cUU1TGlXNTVXTUwrYWxtdW1YcU9lYWhPUzRsdWVWakY5b1pDNXRjRFJhV2c9PVpa']
2018-10-07 10:21:56,737---->crawl_url - INFO - 2
2018-10-07 10:21:56,737---->crawl_url - INFO - http://www.chunxiao.tv
2018-10-07 10:21:56,737---->crawl_url - INFO - 详情页地址：http://www.chunxiao.tv/album/taitan
2018-10-07 10:21:58,133---->crawl_url - INFO - 下载页面的url：['/download/taitan/A982BF49505149348E2718F8E4D475B8/1', '/download/taitan/4D209F82978B42848050F1C6289C87B3/1', '/download/taitan/AB04A6E789C54D9085C95F181EF9CF0D/1', '/download/taitan/A3DF044AFB834FA0A69A51279FE3201C/1']
2018-10-07 10:21:58,135---->crawl_url - INFO - 当下载地址不存在时使用在线地址：['/download/taitan/A982BF49505149348E2718F8E4D475B8/1', '/download/taitan/AB04A6E789C54D9085C95F181EF9CF0D/1', '/watch/taitan/691E41B6C4B949A3889997CD8627D922']
2018-10-07 10:22:00,141---->crawl_url - INFO - 下载页目标地址：http://www.chunxiao.tv/download/taitan/A982BF49505149348E2718F8E4D475B8/1
2018-10-07 10:22:00,141---->crawl_url - INFO - 获取目标资源评分:['4.2'],评分太低，不执行保存！！
2018-10-07 10:22:00,142---->crawl_url - INFO - 3
2018-10-07 10:22:00,142---->crawl_url - INFO - http://www.chunxiao.tv
2018-10-07 10:22:00,142---->crawl_url - INFO - 详情页地址：http://www.chunxiao.tv/album/beiyiwangdejijie
2018-10-07 10:22:00,850---->crawl_url - INFO - 下载页面的url：[]
2018-10-07 10:22:00,851---->crawl_url - INFO - 当下载地址不存在时使用在线地址：['/watch/beiyiwangdejijie/3E7EE41B9DF145A78231AFB5D1C1F048']
2018-10-07 10:22:02,854---->crawl_url - INFO - 在线地址：http://www.chunxiao.tv/watch/beiyiwangdejijie/3E7EE41B9DF145A78231AFB5D1C1F048
2018-10-07 10:22:02,855---->crawl_url - INFO - 获取目标资源评分:['5.2'],评分太低，不执行保存！！
2018-10-07 10:22:02,855---->crawl_url - INFO - 4
2018-10-07 10:22:02,855---->crawl_url - INFO - http://www.chunxiao.tv
2018-10-07 10:22:02,855---->crawl_url - INFO - 详情页地址：http://www.chunxiao.tv/album/dongrinuanyang
2018-10-07 10:22:03,105---->crawl_url - INFO - 下载页面的url：['/download/dongrinuanyang/CFE59FF84A8340CAB6B245AE7A95342B/1']
2018-10-07 10:22:03,107---->crawl_url - INFO - 当下载地址不存在时使用在线地址：['/download/dongrinuanyang/CFE59FF84A8340CAB6B245AE7A95342B/1', '/watch/dongrinuanyang/DDB2B2261BAD4D61BC9BB12064FD148F']
2018-10-07 10:22:05,112---->crawl_url - INFO - 下载页目标地址：http://www.chunxiao.tv/download/dongrinuanyang/CFE59FF84A8340CAB6B245AE7A95342B/1
2018-10-07 10:22:05,113---->crawl_url - INFO - 获取目标资源评分:['3.0'],评分太低，不执行保存！！
2018-10-07 10:22:05,113---->crawl_url - INFO - 5
2018-10-07 10:22:05,114---->crawl_url - INFO - http://www.chunxiao.tv
2018-10-07 10:22:05,114---->crawl_url - INFO - 详情页地址：http://www.chunxiao.tv/album/qinvzizhirenzaijianghu
2018-10-07 10:22:05,369---->crawl_url - INFO - 下载页面的url：['/download/qinvzizhirenzaijianghu/DA839F55B69144E5ACA505A929322453/1']
2018-10-07 10:22:05,370---->crawl_url - INFO - 当下载地址不存在时使用在线地址：['/download/qinvzizhirenzaijianghu/DA839F55B69144E5ACA505A929322453/1', '/watch/qinvzizhirenzaijianghu/98C39C2840AB4543BF2398C89996335D']
2018-10-07 10:22:07,372---->crawl_url - INFO - 下载页目标地址：http://www.chunxiao.tv/download/qinvzizhirenzaijianghu/DA839F55B69144E5ACA505A929322453/1
2018-10-07 10:22:07,373---->crawl_url - INFO - 获取目标资源评分:['3.0'],评分太低，不执行保存！！
2018-10-07 10:22:07,373---->crawl_url - INFO - 6
2018-10-07 10:22:07,373---->crawl_url - INFO - http://www.chunxiao.tv
2018-10-07 10:22:07,373---->crawl_url - INFO - 详情页地址：http://www.chunxiao.tv/album/danzhishentong
2018-10-07 10:22:08,498---->crawl_url - INFO - 下载页面的url：[]
2018-10-07 10:22:08,500---->crawl_url - INFO - 当下载地址不存在时使用在线地址：['/watch/danzhishentong/794747B6E6FA4E09A300042349B72C09']
2018-10-07 10:22:10,506---->crawl_url - INFO - 在线地址：http://www.chunxiao.tv/watch/danzhishentong/794747B6E6FA4E09A300042349B72C09
2018-10-07 10:22:10,506---->crawl_url - INFO - 获取目标资源评分:['3.1'],评分太低，不执行保存！！
2018-10-07 10:22:10,506---->crawl_url - INFO - 7
2018-10-07 10:22:10,507---->crawl_url - INFO - http://www.chunxiao.tv
2018-10-07 10:22:10,507---->crawl_url - INFO - 详情页地址：http://www.chunxiao.tv/album/elingzhijia
2018-10-07 10:22:11,183---->crawl_url - INFO - 下载页面的url：['/download/elingzhijia/ACD3AB4AB59D4BD8828BDAD25A40EE20/1']
2018-10-07 10:22:11,184---->crawl_url - INFO - 当下载地址不存在时使用在线地址：['/download/elingzhijia/ACD3AB4AB59D4BD8828BDAD25A40EE20/1']
2018-10-07 10:22:13,190---->crawl_url - INFO - 下载页目标地址：http://www.chunxiao.tv/download/elingzhijia/ACD3AB4AB59D4BD8828BDAD25A40EE20/1
2018-10-07 10:22:13,190---->crawl_url - INFO - 获取目标资源评分:['4.2'],评分太低，不执行保存！！
2018-10-07 10:22:13,191---->crawl_url - INFO - 8
2018-10-07 10:22:13,191---->crawl_url - INFO - http://www.chunxiao.tv
2018-10-07 10:22:13,191---->crawl_url - INFO - 详情页地址：http://www.chunxiao.tv/album/gegelaoshi
2018-10-07 10:22:13,449---->crawl_url - INFO - 下载页面的url：['/download/gegelaoshi/5B550383FA61409FBDACB9E4CF4D07F6/1']
2018-10-07 10:22:13,452---->crawl_url - INFO - 当下载地址不存在时使用在线地址：['/download/gegelaoshi/5B550383FA61409FBDACB9E4CF4D07F6/1', '/watch/gegelaoshi/781E6C92EB424A66B6F5F0388506429C']
2018-10-07 10:22:15,458---->crawl_url - INFO - 下载页目标地址：http://www.chunxiao.tv/download/gegelaoshi/5B550383FA61409FBDACB9E4CF4D07F6/1
2018-10-07 10:22:17,129---->crawl_url - INFO - 获取目标资源名:['嗝嗝老师']
2018-10-07 10:22:17,130---->crawl_url - INFO - 获取目标资源评分:['7.6']
2018-10-07 10:22:17,130---->crawl_url - INFO - 获取目标资源描述:['《嗝嗝老师》（Hichki）讲述患有抽动秽语综合征的女主人公奈娜。经过无数次面试失败后，终于找到理想的工作，成为了一名中学老师。然而她被指派的班级学生却是全校最顽皮的学生。']
2018-10-07 10:22:17,130---->crawl_url - INFO - 获取目标资源地址:['thunder://QUF0aHVuZGVyOi8vUVVGb2RIUndPaTh2ZG1sd0xucDFhV3QxT0M1amIyMHZNVGd4TUMvbGw1M2xsNTNvZ0lIbHVJZ3VRa1F4TWpndzZhdVk1cmlGNUxpdDVhMlg1NG1JTG0xd05GcGFaWg==']
2018-10-07 10:22:17,131---->crawl_url - INFO - 9
2018-10-07 10:22:17,131---->crawl_url - INFO - http://www.chunxiao.tv
2018-10-07 10:22:17,131---->crawl_url - INFO - 详情页地址：http://www.chunxiao.tv/album/xiunv
2018-10-07 10:22:17,373---->crawl_url - INFO - 下载页面的url：['/download/xiunv/67BFFFCF482E421F97CB7656B79CD806/1']
2018-10-07 10:22:17,375---->crawl_url - INFO - 当下载地址不存在时使用在线地址：['/download/xiunv/67BFFFCF482E421F97CB7656B79CD806/1', '/watch/xiunv/F46AD9F712BD4BFCBBFB631F983694AF']
2018-10-07 10:22:19,381---->crawl_url - INFO - 下载页目标地址：http://www.chunxiao.tv/download/xiunv/67BFFFCF482E421F97CB7656B79CD806/1
2018-10-07 10:22:19,689---->crawl_url - INFO - 获取目标资源名:['修女']
2018-10-07 10:22:19,690---->crawl_url - INFO - 获取目标资源评分:['6.2']
2018-10-07 10:22:19,691---->crawl_url - INFO - 获取目标资源描述:['一个年轻修女在罗马尼亚与世隔绝的修道院自杀，梵蒂冈派去一名神父和一名快结束见习期的修女展开调查，而神父有令人毛骨悚然的过去。他们一起揭开了教会邪恶的秘密，不仅冒着生命危险，还拿信仰和灵魂当赌注，面临着一股恶毒的力量，恶魔修女再次成为强大的威胁。']
2018-10-07 10:22:19,691---->crawl_url - INFO - 获取目标资源地址:['thunder://QUF0aHVuZGVyOi8vUVVGb2RIUndPaTh2ZG1sd0xucDFhV3QxT0M1amIyMHZNVGd4TUMva3Y2N2xwYk15TURFNExsUno1TGl0NWEyWDU0bUlMbTF3TkZwYVpa']
2018-10-07 10:22:19,692---->crawl_url - INFO - 10
2018-10-07 10:22:19,692---->crawl_url - INFO - http://www.chunxiao.tv
2018-10-07 10:22:19,692---->crawl_url - INFO - 详情页地址：http://www.chunxiao.tv/album/jiepoushilingyishijianzhinanshengxiushe
2018-10-07 10:22:19,957---->crawl_url - INFO - 下载页面的url：['/download/jiepoushilingyishijianzhinanshengxiushe/E81A0577F9FE4EC4B17326606CDD4AFE/1']
2018-10-07 10:22:19,958---->crawl_url - INFO - 当下载地址不存在时使用在线地址：['/download/jiepoushilingyishijianzhinanshengxiushe/E81A0577F9FE4EC4B17326606CDD4AFE/1', '/watch/jiepoushilingyishijianzhinanshengxiushe/144F6A51FE864CD0BE805232039FC368', '/watch/jiepoushilingyishijianzhinanshengxiushe/F063C32A96444585BDF961D72E838776', '/watch/jiepoushilingyishijianzhinanshengxiushe/31B925DE23664A4EBC4D954B2152F236']
2018-10-07 10:22:21,963---->crawl_url - INFO - 下载页目标地址：http://www.chunxiao.tv/download/jiepoushilingyishijianzhinanshengxiushe/E81A0577F9FE4EC4B17326606CDD4AFE/1
2018-10-07 10:22:21,964---->crawl_url - INFO - 获取目标资源评分:['2.3'],评分太低，不执行保存！！
2018-10-07 10:22:21,964---->crawl_url - INFO - 11
2018-10-07 10:22:21,964---->crawl_url - INFO - http://www.chunxiao.tv
2018-10-07 10:22:21,964---->crawl_url - INFO - 详情页地址：http://www.chunxiao.tv/album/mafanlekezhan
2018-10-07 10:22:22,214---->crawl_url - INFO - 下载页面的url：['/download/mafanlekezhan/9C5902A6553240CF81AD120D5B96BB4E/1']
2018-10-07 10:22:22,217---->crawl_url - INFO - 当下载地址不存在时使用在线地址：['/download/mafanlekezhan/9C5902A6553240CF81AD120D5B96BB4E/1', '/watch/mafanlekezhan/81A63CB378C04AD9AC96D8DFD1A9FCB4', '/watch/mafanlekezhan/0F949D3D09C942E8B4E507A1116BFEBD']
2018-10-07 10:22:24,223---->crawl_url - INFO - 下载页目标地址：http://www.chunxiao.tv/download/mafanlekezhan/9C5902A6553240CF81AD120D5B96BB4E/1
2018-10-07 10:22:24,223---->crawl_url - INFO - 获取目标资源评分:['3.0'],评分太低，不执行保存！！
2018-10-07 10:22:24,223---->crawl_url - INFO - 12
2018-10-07 10:22:24,224---->crawl_url - INFO - http://www.chunxiao.tv
2018-10-07 10:22:24,224---->crawl_url - INFO - 详情页地址：http://www.chunxiao.tv/album/zhe-jiushijiewuzhitianshengwuzhe
2018-10-07 10:22:25,824---->crawl_url - INFO - 下载页面的url：['/download/zhe-jiushijiewuzhitianshengwuzhe/141D4BF9681540818657FB6598EFADAA/1']
2018-10-07 10:22:25,826---->crawl_url - INFO - 当下载地址不存在时使用在线地址：['/download/zhe-jiushijiewuzhitianshengwuzhe/141D4BF9681540818657FB6598EFADAA/1', '/watch/zhe-jiushijiewuzhitianshengwuzhe/F1CE4A73617F46AC8FD88163E340E321']
2018-10-07 10:22:27,832---->crawl_url - INFO - 下载页目标地址：http://www.chunxiao.tv/download/zhe-jiushijiewuzhitianshengwuzhe/141D4BF9681540818657FB6598EFADAA/1
2018-10-07 10:22:27,832---->crawl_url - INFO - 获取目标资源评分:['3.5'],评分太低，不执行保存！！
2018-10-07 10:22:27,832---->crawl_url - INFO - 13
2018-10-07 10:22:27,833---->crawl_url - INFO - http://www.chunxiao.tv
2018-10-07 10:22:27,833---->crawl_url - INFO - 详情页地址：http://www.chunxiao.tv/album/duye-zhimingshouhuzhe
2018-10-07 10:22:28,084---->crawl_url - INFO - 下载页面的url：['/download/duye-zhimingshouhuzhe/48B23F8163CC44F09210D8912DA86472/1']
2018-10-07 10:22:28,086---->crawl_url - INFO - 当下载地址不存在时使用在线地址：['/download/duye-zhimingshouhuzhe/48B23F8163CC44F09210D8912DA86472/1', '/watch/duye-zhimingshouhuzhe/CF0200159126436FBAD469CF8DD683CB']
2018-10-07 10:22:30,091---->crawl_url - INFO - 下载页目标地址：http://www.chunxiao.tv/download/duye-zhimingshouhuzhe/48B23F8163CC44F09210D8912DA86472/1
2018-10-07 10:22:30,366---->crawl_url - INFO - 获取目标资源名:['毒液：致命守护者']
2018-10-07 10:22:30,367---->crawl_url - INFO - 获取目标资源评分:['8.2']
2018-10-07 10:22:30,367---->crawl_url - INFO - 获取目标资源描述:['2018漫威压轴巨制，蜘蛛侠最强劲敌“毒液”强势来袭！曾主演《敦刻尔克》、《盗梦空间》等口碑大片的肌肉型男汤姆·哈迪在本片中饰演“毒液”的宿主–埃迪·布洛克。身为记者的埃迪在调查生命基金会老板卡尔顿·德雷克（里兹·阿迈德 饰）的过程中，事业遭受重创，与未婚妻安妮·韦英（米歇尔·威廉姆斯 饰）的关系岌岌可危，并意外被外星共生体入侵，历经挣扎对抗，最终成为拥有强大超能力，无人可挡的“毒液”。']
2018-10-07 10:22:30,367---->crawl_url - INFO - 获取目标资源地址:['thunder://QUF0aHVuZGVyOi8vUVVGb2RIUndPaTh2ZUhWdWJHVnBZaTU2ZFdsa1lUTTJNQzVqYjIwdk1UZ3hNQzlFNXJheUxsUno1b3FpNVlXSTVwZWc1YTJYNTRtSUxtMXdORnBhWlo=']
2018-10-07 10:22:30,368---->crawl_url - INFO - 14
2018-10-07 10:22:30,368---->crawl_url - INFO - http://www.chunxiao.tv
2018-10-07 10:22:30,368---->crawl_url - INFO - 详情页地址：http://www.chunxiao.tv/album/ertuimisijiudian
2018-10-07 10:22:30,616---->crawl_url - INFO - 下载页面的url：['/download/ertuimisijiudian/49658F3B0F09417094B1EE752D38B908/1']
2018-10-07 10:22:30,617---->crawl_url - INFO - 当下载地址不存在时使用在线地址：['/download/ertuimisijiudian/49658F3B0F09417094B1EE752D38B908/1', '/watch/ertuimisijiudian/9988787C27B84D20AD01A63AE0F468E2']
2018-10-07 10:22:32,625---->crawl_url - INFO - 下载页目标地址：http://www.chunxiao.tv/download/ertuimisijiudian/49658F3B0F09417094B1EE752D38B908/1
2018-10-07 10:22:32,625---->crawl_url - INFO - 获取目标资源评分:['5.9'],评分太低，不执行保存！！
2018-10-07 10:22:32,625---->crawl_url - INFO - 15
2018-10-07 10:22:32,625---->crawl_url - INFO - http://www.chunxiao.tv
2018-10-07 10:22:32,626---->crawl_url - INFO - 详情页地址：http://www.chunxiao.tv/album/gujianqitanzhiliuyuezhaoming
2018-10-07 10:22:34,416---->crawl_url - INFO - 下载页面的url：['/download/gujianqitanzhiliuyuezhaoming/A3C10F3A78E74AEAA459682BFDD07110/1']
2018-10-07 10:22:34,418---->crawl_url - INFO - 当下载地址不存在时使用在线地址：['/download/gujianqitanzhiliuyuezhaoming/A3C10F3A78E74AEAA459682BFDD07110/1']
2018-10-07 10:22:36,422---->crawl_url - INFO - 下载页目标地址：http://www.chunxiao.tv/download/gujianqitanzhiliuyuezhaoming/A3C10F3A78E74AEAA459682BFDD07110/1
2018-10-07 10:22:36,423---->crawl_url - INFO - 获取目标资源评分:['4.7'],评分太低，不执行保存！！
2018-10-07 10:22:36,423---->crawl_url - INFO - 16
2018-10-07 10:22:36,423---->crawl_url - INFO - http://www.chunxiao.tv
2018-10-07 10:22:36,423---->crawl_url - INFO - 详情页地址：http://www.chunxiao.tv/album/shangliushehui-2
2018-10-07 10:22:36,676---->crawl_url - INFO - 下载页面的url：['/download/shangliushehui-2/EEB9FB36EE2047A6A9AF87BC6990CED1/1']
2018-10-07 10:22:36,678---->crawl_url - INFO - 当下载地址不存在时使用在线地址：['/download/shangliushehui-2/EEB9FB36EE2047A6A9AF87BC6990CED1/1', '/watch/shangliushehui-2/A299D3A9B3514B2BBB3B55CDB21F7F79']
2018-10-07 10:22:38,683---->crawl_url - INFO - 下载页目标地址：http://www.chunxiao.tv/download/shangliushehui-2/EEB9FB36EE2047A6A9AF87BC6990CED1/1
2018-10-07 10:22:38,684---->crawl_url - INFO - 获取目标资源评分:['4.7'],评分太低，不执行保存！！
2018-10-07 10:22:38,684---->crawl_url - INFO - 17
2018-10-07 10:22:38,684---->crawl_url - INFO - http://www.chunxiao.tv
2018-10-07 10:22:38,684---->crawl_url - INFO - 详情页地址：http://www.chunxiao.tv/album/zhongyingjie1hao
2018-10-07 10:22:38,943---->crawl_url - INFO - 下载页面的url：['/download/zhongyingjie1hao/7A3D6F79A7124FE2AB0DEA6F33ED672E/1']
2018-10-07 10:22:38,945---->crawl_url - INFO - 当下载地址不存在时使用在线地址：['/download/zhongyingjie1hao/7A3D6F79A7124FE2AB0DEA6F33ED672E/1', '/watch/zhongyingjie1hao/5E0127BD897C44D2AF52C7A712A9BD0F']
2018-10-07 10:22:40,949---->crawl_url - INFO - 下载页目标地址：http://www.chunxiao.tv/download/zhongyingjie1hao/7A3D6F79A7124FE2AB0DEA6F33ED672E/1
2018-10-07 10:22:43,926---->crawl_url - INFO - 获取目标资源名:['中英街1号']
2018-10-07 10:22:43,926---->crawl_url - INFO - 获取目标资源评分:['6.6']
2018-10-07 10:22:43,926---->crawl_url - INFO - 获取目标资源描述:['故事主要分为两部分，首部分阐述了4名被卷入六七暴动史史漩涡的年轻人，其命运受到亲共产主义左派及英国殖民政府之间爆发的大型暴动所左右。第二部分将时间推延至50多年后，发生于中港边界地区沙头角，在这里，3 位纠结于为香港争取自由的年轻人，与1位于首部分经历过六七暴动的老年人相遇，命运亦因而互相交叠影响。《中英街1号》是由赵崇基执导的香港剧情电影，由游学修、廖子妤、卢镇业、陈健朗、李英涛等主演。于2018年5月31日在中国香港上映。该片以1967年反英抗暴风潮引发的六七暴动为背景，检视香港的过去及未来。']
2018-10-07 10:22:43,926---->crawl_url - INFO - 获取目标资源地址:['thunder://QUF0aHVuZGVyOi8vUVVGb2RIUndPaTh2ZUhWdWJHVnBZaTU2ZFdsa1lUTTJNQzVqYjIwdk1UZ3hNQy9rdUszb2k3SG9vWmN4NVkrM0xrSkVNVEk0TU9tcm1PYTRoZWV5cE9pdnJlUzRyZVd0bCtlSmlDNXRjRFJhV2c9PVpa']
2018-10-07 10:22:43,927---->crawl_url - INFO - 18
2018-10-07 10:22:43,927---->crawl_url - INFO - http://www.chunxiao.tv
2018-10-07 10:22:43,928---->crawl_url - INFO - 详情页地址：http://www.chunxiao.tv/album/beishangniliuchenghe
2018-10-07 10:22:44,210---->crawl_url - INFO - 下载页面的url：['/download/beishangniliuchenghe/7DF64BF2A8F244A2A5F6C59407DA2076/1']
2018-10-07 10:22:44,211---->crawl_url - INFO - 当下载地址不存在时使用在线地址：['/download/beishangniliuchenghe/7DF64BF2A8F244A2A5F6C59407DA2076/1', '/watch/beishangniliuchenghe/72C33B9B6E5942BA99F0105C69297BAD']
2018-10-07 10:22:46,217---->crawl_url - INFO - 下载页目标地址：http://www.chunxiao.tv/download/beishangniliuchenghe/7DF64BF2A8F244A2A5F6C59407DA2076/1
2018-10-07 10:22:46,218---->crawl_url - INFO - 获取目标资源评分:['6.0'],评分太低，不执行保存！！
2018-10-07 10:22:46,218---->crawl_url - INFO - 19
2018-10-07 10:22:46,218---->crawl_url - INFO - http://www.chunxiao.tv
2018-10-07 10:22:46,218---->crawl_url - INFO - 详情页地址：http://www.chunxiao.tv/album/yeluowuhen
2018-10-07 10:22:46,542---->crawl_url - INFO - 下载页面的url：['/download/yeluowuhen/09679976F24C4AB5B315F27459808F2B/1', '/download/yeluowuhen/2FD6754EE15F4FA5AC30B9468044AD0F/1', '/download/yeluowuhen/A06ECE57B53D4AFBB4A99A52915B5A4C/1']
2018-10-07 10:22:46,544---->crawl_url - INFO - 当下载地址不存在时使用在线地址：['/download/yeluowuhen/09679976F24C4AB5B315F27459808F2B/1', '/download/yeluowuhen/A06ECE57B53D4AFBB4A99A52915B5A4C/1', '/watch/yeluowuhen/D463A669066045B092B6C7E6EE55065B']
2018-10-07 10:22:48,549---->crawl_url - INFO - 下载页目标地址：http://www.chunxiao.tv/download/yeluowuhen/09679976F24C4AB5B315F27459808F2B/1
2018-10-07 10:22:48,753---->crawl_url - INFO - 获取目标资源名:['叶落无痕']
2018-10-07 10:22:48,753---->crawl_url - INFO - 获取目标资源评分:['8.1']
2018-10-07 10:22:48,753---->crawl_url - INFO - 获取目标资源描述:['《叶落无痕》（Leave No Trace）讲述一对父女生活在一个城市森林公园中，而他们犯的一个小错误使他们被人发现，生活发生了天翻地覆的变化。']
2018-10-07 10:22:48,753---->crawl_url - INFO - 获取目标资源地址:['thunder://QUF0aHVuZGVyOi8vUVVGb2RIUndPaTh2ZG1sd0xucDFhV3QxT0M1amIyMHZNVGd3T1MvbGo3Ym9rTDNtbDZEbmw1VXVRa1F4TWpndzZhdVk1cmlGNUxpdDZJdXg1WStNNWEyWDU0bUlMbTF3TkZwYVpa']
2018-10-07 10:22:48,754---->crawl_url - INFO - 20
2018-10-07 10:22:48,754---->crawl_url - INFO - http://www.chunxiao.tv
2018-10-07 10:22:48,754---->crawl_url - INFO - 详情页地址：http://www.chunxiao.tv/album/haomenshaoyeqiaojiaren
2018-10-07 10:22:49,512---->crawl_url - INFO - 下载页面的url：['/download/haomenshaoyeqiaojiaren/7957A0E818E246119BB9CF48C08AA5BC/1']
2018-10-07 10:22:49,512---->crawl_url - INFO - 当下载地址不存在时使用在线地址：['/download/haomenshaoyeqiaojiaren/7957A0E818E246119BB9CF48C08AA5BC/1', '/watch/haomenshaoyeqiaojiaren/7015952C10AA4CF996E6F993CD6E9D55', '/watch/haomenshaoyeqiaojiaren/26852057E8EE4532B1AAC2B343A95EDB']
2018-10-07 10:22:51,515---->crawl_url - INFO - 下载页目标地址：http://www.chunxiao.tv/download/haomenshaoyeqiaojiaren/7957A0E818E246119BB9CF48C08AA5BC/1
2018-10-07 10:22:51,515---->crawl_url - INFO - 获取目标资源评分:['3.0'],评分太低，不执行保存！！
2018-10-07 10:22:51,515---->crawl_url - INFO - 21
2018-10-07 10:22:51,515---->crawl_url - INFO - http://www.chunxiao.tv
2018-10-07 10:22:51,515---->crawl_url - INFO - 详情页地址：http://www.chunxiao.tv/album/jiaafengyunzhilaqiu
2018-10-07 10:22:56,631---->crawl_url - INFO - 下载页面的url：['/download/jiaafengyunzhilaqiu/BA2A5064DFB84E35A744D8D6ACBD3DBC/1']
2018-10-07 10:22:56,632---->crawl_url - INFO - 当下载地址不存在时使用在线地址：['/download/jiaafengyunzhilaqiu/BA2A5064DFB84E35A744D8D6ACBD3DBC/1', '/watch/jiaafengyunzhilaqiu/3EB7D7142BC34FBF8BB216D076FD8FFD', '/watch/jiaafengyunzhilaqiu/9900F0D2D18B405685FC2761A5126509']
2018-10-07 10:22:58,638---->crawl_url - INFO - 下载页目标地址：http://www.chunxiao.tv/download/jiaafengyunzhilaqiu/BA2A5064DFB84E35A744D8D6ACBD3DBC/1
2018-10-07 10:22:58,638---->crawl_url - INFO - 获取目标资源评分:['3.0'],评分太低，不执行保存！！
2018-10-07 10:22:58,638---->crawl_url - INFO - 22
2018-10-07 10:22:58,639---->crawl_url - INFO - http://www.chunxiao.tv
2018-10-07 10:22:58,639---->crawl_url - INFO - 详情页地址：http://www.chunxiao.tv/album/wangluomizong
2018-10-07 10:23:01,410---->crawl_url - INFO - 下载页面的url：['/download/wangluomizong/EAC72C98216846A28F35B82B436738C9/1']
2018-10-07 10:23:01,412---->crawl_url - INFO - 当下载地址不存在时使用在线地址：['/download/wangluomizong/EAC72C98216846A28F35B82B436738C9/1', '/watch/wangluomizong/707EDE42346D4DFBB99747D81087DC84']
2018-10-07 10:23:03,418---->crawl_url - INFO - 下载页目标地址：http://www.chunxiao.tv/download/wangluomizong/EAC72C98216846A28F35B82B436738C9/1
2018-10-07 10:23:03,695---->crawl_url - INFO - 获取目标资源名:['网络谜踪']
2018-10-07 10:23:03,695---->crawl_url - INFO - 获取目标资源评分:['9.1']
2018-10-07 10:23:03,695---->crawl_url - INFO - 获取目标资源描述:['故事聚焦于北加州圣荷西的韩裔金姓一家人，预告片中男主角大卫·金一直引以为傲的乖女玛戈特突然离奇失踪，没留下一丝线索。前来调查此案的女警探发现女儿的银行账户出现了可疑资金，而且在失踪前她还伪造了一张假身份证，于是怀疑女儿是离家出走。不满这一结论的父亲为了寻找真相，决定独自展开调查。他用女儿的笔记本电脑打开了社交网站，抽丝剥茧寻找爱女下落。']
2018-10-07 10:23:03,695---->crawl_url - INFO - 获取目标资源地址:['thunder://QUF0aHVuZGVyOi8vUVVGb2RIUndPaTh2ZG1sd0xucDFhV3QxT0M1amIyMHZNVGd4TUMvbnZaSG51NXpvc0p6b3VLb3VWSFBtaXFMbGhZam5pWWd1YlhBMFdsbz1aWg==']
2018-10-07 10:23:03,696---->crawl_url - INFO - 23
2018-10-07 10:23:03,696---->crawl_url - INFO - http://www.chunxiao.tv
2018-10-07 10:23:03,696---->crawl_url - INFO - 详情页地址：http://www.chunxiao.tv/album/huazhucaili
2018-10-07 10:23:03,942---->crawl_url - INFO - 下载页面的url：['/download/huazhucaili/8DDC5A2DA13246D2ACDEBC0644BB98A3/1']
2018-10-07 10:23:03,944---->crawl_url - INFO - 当下载地址不存在时使用在线地址：['/download/huazhucaili/8DDC5A2DA13246D2ACDEBC0644BB98A3/1', '/watch/huazhucaili/C6B0AF8593C5454FACAA4EF6DB1DF8AA', '/watch/huazhucaili/CB11C324F15C49AAAF9447801DDDED99']
2018-10-07 10:23:05,948---->crawl_url - INFO - 下载页目标地址：http://www.chunxiao.tv/download/huazhucaili/8DDC5A2DA13246D2ACDEBC0644BB98A3/1
2018-10-07 10:23:05,948---->crawl_url - INFO - 获取目标资源评分:['3.2'],评分太低，不执行保存！！
2018-10-07 10:23:05,948---->crawl_url - INFO - 24
2018-10-07 10:23:05,949---->crawl_url - INFO - http://www.chunxiao.tv
2018-10-07 10:23:05,949---->crawl_url - INFO - 详情页地址：http://www.chunxiao.tv/album/lingnvtianshizhixiongzhaitanmi
2018-10-07 10:23:06,205---->crawl_url - INFO - 下载页面的url：['/download/lingnvtianshizhixiongzhaitanmi/A1F587474A974C2BB1E24AD12626F4C8/1']
2018-10-07 10:23:06,206---->crawl_url - INFO - 当下载地址不存在时使用在线地址：['/download/lingnvtianshizhixiongzhaitanmi/A1F587474A974C2BB1E24AD12626F4C8/1', '/watch/lingnvtianshizhixiongzhaitanmi/022FF66FBB5B478B8B239C95C3592E59', '/watch/lingnvtianshizhixiongzhaitanmi/61263CB736C145DD9FB4A986F82F8CFF']
2018-10-07 10:23:08,211---->crawl_url - INFO - 下载页目标地址：http://www.chunxiao.tv/download/lingnvtianshizhixiongzhaitanmi/A1F587474A974C2BB1E24AD12626F4C8/1
2018-10-07 10:23:08,211---->crawl_url - INFO - 获取目标资源评分:['3.2'],评分太低，不执行保存！！
